<?xml version="1.0" encoding="UTF-8"?>
<!-- Generated by org.testng.reporters.JUnitReportReporter -->
<testsuite hostname="noviicee-U" failures="0" tests="3" name="selenium1_testNg.project2_testNg" time="61.946" errors="0" timestamp="11 Mar 2022 10:20:57 GMT" skipped="0">
  <testcase classname="selenium1_testNg.project2_testNg" name="main1" time="14.485"/>
  <testcase classname="selenium1_testNg.project2_testNg" name="main2" time="19.896"/>
  <testcase classname="selenium1_testNg.project2_testNg" name="main3" time="27.565"/>
</testsuite> <!-- selenium1_testNg.project2_testNg -->
