<?xml version="1.0" encoding="UTF-8"?>
<!-- Generated by org.testng.reporters.JUnitReportReporter -->
<testsuite hostname="noviicee-U" failures="0" tests="3" name="selenium1_testNg.project2_testNg" time="62.770" errors="0" timestamp="11 Mar 2022 08:35:36 GMT" skipped="0">
  <testcase classname="selenium1_testNg.project2_testNg" name="main1" time="15.465"/>
  <testcase classname="selenium1_testNg.project2_testNg" name="main2" time="21.752"/>
  <testcase classname="selenium1_testNg.project2_testNg" name="main3" time="25.553"/>
</testsuite> <!-- selenium1_testNg.project2_testNg -->
