<?xml version="1.0" encoding="UTF-8"?>
<!-- Generated by org.testng.reporters.JUnitReportReporter -->
<testsuite hostname="noviicee-U" failures="0" tests="2" name="selenium1_testNg.project2_testNg_0" time="27.760" errors="0" timestamp="11 Mar 2022 09:18:02 GMT" skipped="0">
  <testcase classname="selenium1_testNg.project2_testNg_0" name="main" time="12.546"/>
  <testcase classname="selenium1_testNg.project2_testNg_0" name="main1" time="15.214"/>
</testsuite> <!-- selenium1_testNg.project2_testNg_0 -->
